<?xml version="1.0" encoding="UTF-8"?>
<testng-results ignored="0" total="4" passed="4" failed="0" skipped="0">
  <reporter-output>
  </reporter-output>
  <suite started-at="2024-11-27T11:57:22 IST" name="Default suite" finished-at="2024-11-27T11:57:22 IST" duration-ms="312">
    <groups>
    </groups>
    <test started-at="2024-11-27T11:57:22 IST" name="Default test" finished-at="2024-11-27T11:57:22 IST" duration-ms="312">
      <class name="TestNG.Script">
        <test-method signature="signup()[pri:0, instance:TestNG.Script@2b91004a]" started-at="2024-11-27T11:57:22 IST" name="signup" finished-at="2024-11-27T11:57:22 IST" duration-ms="47" status="PASS">
          <reporter-output>
          </reporter-output>
        </test-method> <!-- signup -->
        <test-method signature="login()[pri:2, instance:TestNG.Script@2b91004a]" started-at="2024-11-27T11:57:22 IST" name="login" finished-at="2024-11-27T11:57:22 IST" duration-ms="14" status="PASS">
          <reporter-output>
          </reporter-output>
        </test-method> <!-- login -->
        <test-method signature="homepage()[pri:3, instance:TestNG.Script@2b91004a]" started-at="2024-11-27T11:57:22 IST" name="homepage" finished-at="2024-11-27T11:57:22 IST" duration-ms="17" status="PASS">
          <reporter-output>
          </reporter-output>
        </test-method> <!-- homepage -->
        <test-method signature="logout()[pri:4, instance:TestNG.Script@2b91004a]" started-at="2024-11-27T11:57:22 IST" name="logout" finished-at="2024-11-27T11:57:22 IST" duration-ms="13" status="PASS">
          <reporter-output>
          </reporter-output>
        </test-method> <!-- logout -->
      </class> <!-- TestNG.Script -->
    </test> <!-- Default test -->
  </suite> <!-- Default suite -->
</testng-results>
