<?xml version="1.0" encoding="UTF-8"?>
<!-- Generated by org.testng.reporters.JUnitXMLReporter -->
<testsuite ignored="0" hostname="DESKTOP-JM0E2D1" failures="0" tests="4" name="Default test" time="0.312" errors="0" timestamp="2024-11-27T11:57:23 IST">
  <testcase classname="TestNG.Script" name="signup" time="0.047"/>
  <testcase classname="TestNG.Script" name="login" time="0.014"/>
  <testcase classname="TestNG.Script" name="homepage" time="0.017"/>
  <testcase classname="TestNG.Script" name="logout" time="0.013"/>
</testsuite> <!-- Default test -->
